
Sample mean across the second dimension:

original sample mean RK32: 0.502623081 0.476239771
 shifted sample mean RK32: 0.00000000 0.00000000

original sample mean RK64: 0.75856526486869669 0.41472255788349693
 shifted sample mean RK64: -0.83266726846886741E-16 0.0000000000000000

original sample mean RK128: 0.595645095717737339105930464277394401 0.596651696282777905693345243962521083
 shifted sample mean RK128: 0.240741243048404481631997242823115915E-34 0.00000000000000000000000000000000000


Sample mean across the first dimension:

original sample mean RK32: 0.537063718 0.370896012 0.701533914 0.348232031
 shifted sample mean RK32: 0.298023224E-7 0.00000000 0.00000000 0.00000000

original sample mean RK64: 0.43776819051702376 0.31560896721703496 0.67445931603626674 0.91873917173406161
 shifted sample mean RK64: 0.0000000000000000 0.0000000000000000 0.0000000000000000 0.0000000000000000

original sample mean RK128: 0.927331242849577272040244812735155542 0.447781364841935827644441153382032120 0.678461971593697245596037830608348608 0.331019004715820144317827619754294746
 shifted sample mean RK128: 0.00000000000000000000000000000000000 0.00000000000000000000000000000000000 0.00000000000000000000000000000000000 0.00000000000000000000000000000000000


Sample shape:

original sample shape RK32: 2 4
 shifted sample shape RK32: 4 2

original sample shape RK64: 2 4
 shifted sample shape RK64: 4 2

original sample shape RK128: 2 4
 shifted sample shape RK128: 4 2


1D sample shifted by +1:

original sample: 0.15196121820203312 0.69811718064124673E-1 0.92581596798933086 0.36567346156503211
 shifted sample: 1.1519612182020331 1.0698117180641247 1.9258159679893310 1.3656734615650321

